<?xml version="1.0" encoding="UTF-8"?>
<!-- Generated by org.testng.reporters.JUnitReportReporter -->
<testsuite hostname="Tekizma" failures="0" tests="1" name="com.tekizma.qa.testcases.CreateAirLineTest" time="1.888" errors="0" timestamp="2022-12-30T14:56:45 IST" skipped="0">
  <testcase classname="com.tekizma.qa.testcases.CreateAirLineTest" name="createAirLinetest" time="1.888"/>
  <system-out/>
</testsuite> <!-- com.tekizma.qa.testcases.CreateAirLineTest -->
